0 info it worked if it ends with ok
1 verbose cli [ 'D:\\Program Files\\nodejs\\\\node.exe',
1 verbose cli   'D:\\Program Files\\nodejs\\node_modules\\npm\\bin\\npm-cli.js',
1 verbose cli   'install',
1 verbose cli   'bodyParser' ]
2 info using npm@1.4.28
3 info using node@v0.10.32
4 verbose node symlink D:\Program Files\nodejs\\node.exe
5 warn package.json Responder@0.0.1 No description
6 warn package.json Responder@0.0.1 No repository field.
7 warn package.json Responder@0.0.1 No README data
8 verbose readDependencies using package.json deps
9 verbose cache add [ 'bodyParser', null ]
10 verbose cache add name=undefined spec="bodyParser" args=["bodyParser",null]
11 verbose parsed url { protocol: null,
11 verbose parsed url   slashes: null,
11 verbose parsed url   auth: null,
11 verbose parsed url   host: null,
11 verbose parsed url   port: null,
11 verbose parsed url   hostname: null,
11 verbose parsed url   hash: null,
11 verbose parsed url   search: null,
11 verbose parsed url   query: null,
11 verbose parsed url   pathname: 'bodyParser',
11 verbose parsed url   path: 'bodyParser',
11 verbose parsed url   href: 'bodyParser' }
12 silly lockFile caa4c3c7-bodyParser bodyParser
13 verbose lock bodyParser C:\Users\Dayu.Yue\AppData\Roaming\npm-cache\caa4c3c7-bodyParser.lock
14 silly lockFile caa4c3c7-bodyParser bodyParser
15 silly lockFile caa4c3c7-bodyParser bodyParser
16 verbose addNamed [ 'bodyParser', '' ]
17 verbose addNamed [ null, '*' ]
18 silly lockFile e0b6bd45-bodyParser bodyParser@
19 verbose lock bodyParser@ C:\Users\Dayu.Yue\AppData\Roaming\npm-cache\e0b6bd45-bodyParser.lock
20 silly addNameRange { name: 'bodyParser', range: '*', hasData: false }
21 verbose request where is /bodyParser
22 verbose request registry https://registry.npmjs.org/
23 verbose request id 62ecc912c5de55df
24 verbose url raw /bodyParser
25 verbose url resolving [ 'https://registry.npmjs.org/', './bodyParser' ]
26 verbose url resolved https://registry.npmjs.org/bodyParser
27 verbose request where is https://registry.npmjs.org/bodyParser
28 info trying registry request attempt 1 at 23:30:42
29 http GET https://registry.npmjs.org/bodyParser
30 http 404 https://registry.npmjs.org/bodyParser
31 verbose headers { date: 'Thu, 27 Nov 2014 15:30:46 GMT',
31 verbose headers   server: 'CouchDB/1.5.0 (Erlang OTP/R16B03)',
31 verbose headers   'content-type': 'application/json',
31 verbose headers   'cache-control': 'max-age=0',
31 verbose headers   'content-length': '52',
31 verbose headers   'accept-ranges': 'bytes',
31 verbose headers   via: '1.1 varnish',
31 verbose headers   age: '0',
31 verbose headers   'x-served-by': 'cache-dfw1822-DFW',
31 verbose headers   'x-cache': 'MISS',
31 verbose headers   'x-cache-hits': '0',
31 verbose headers   'x-timer': 'S1417102246.189138,VS0,VE263',
31 verbose headers   'keep-alive': 'timeout=10, max=50',
31 verbose headers   connection: 'Keep-Alive' }
32 silly registry.get cb [ 404,
32 silly registry.get   { date: 'Thu, 27 Nov 2014 15:30:46 GMT',
32 silly registry.get     server: 'CouchDB/1.5.0 (Erlang OTP/R16B03)',
32 silly registry.get     'content-type': 'application/json',
32 silly registry.get     'cache-control': 'max-age=0',
32 silly registry.get     'content-length': '52',
32 silly registry.get     'accept-ranges': 'bytes',
32 silly registry.get     via: '1.1 varnish',
32 silly registry.get     age: '0',
32 silly registry.get     'x-served-by': 'cache-dfw1822-DFW',
32 silly registry.get     'x-cache': 'MISS',
32 silly registry.get     'x-cache-hits': '0',
32 silly registry.get     'x-timer': 'S1417102246.189138,VS0,VE263',
32 silly registry.get     'keep-alive': 'timeout=10, max=50',
32 silly registry.get     connection: 'Keep-Alive' } ]
33 silly lockFile e0b6bd45-bodyParser bodyParser@
34 silly lockFile e0b6bd45-bodyParser bodyParser@
35 error 404 404 Not Found: bodyParser
35 error 404
35 error 404 'bodyParser' is not in the npm registry.
35 error 404 You should bug the author to publish it
35 error 404 It was specified as a dependency of 'Responder'
35 error 404
35 error 404 Note that you can also install from a
35 error 404 tarball, folder, or http url, or git url.
36 error System Windows_NT 6.2.9200
37 error command "D:\\Program Files\\nodejs\\\\node.exe" "D:\\Program Files\\nodejs\\node_modules\\npm\\bin\\npm-cli.js" "install" "bodyParser"
38 error cwd E:\webProject\Node.js\Responder
39 error node -v v0.10.32
40 error npm -v 1.4.28
41 error code E404
42 verbose exit [ 1, true ]
